<?xml version="1.0" encoding="UTF-8"?>
<!-- Generated by org.testng.reporters.JUnitReportReporter -->
<testsuite hostname="DESKTOP-5I2RVD4" failures="0" tests="1" name="snapdeal_shopping.class_snapdeal" time="10.778" errors="0" timestamp="2025-08-25T19:22:56 IST" skipped="0">
  <testcase classname="snapdeal_shopping.class_snapdeal" name="open_snapdeal" time="10.778"/>
</testsuite> <!-- snapdeal_shopping.class_snapdeal -->
